<?xml version="1.0" encoding="UTF-8"?>
<!-- Generated by org.testng.reporters.JUnitReportReporter -->
<testsuite hostname="MechanicPC" name="testNG.ArrayTest" tests="14" failures="0" timestamp="5 Mar 2016 13:49:31 GMT" time="0.029" errors="0">
  <testcase name="testfindMax2" time="0.000" classname="testNG.ArrayTest"/>
  <testcase name="testMaxIndex0" time="0.015" classname="testNG.ArrayTest"/>
  <testcase name="testMinIndex4" time="0.001" classname="testNG.ArrayTest"/>
  <testcase name="testMaxIndex2" time="0.001" classname="testNG.ArrayTest"/>
  <testcase name="testfindMax4" time="0.000" classname="testNG.ArrayTest"/>
  <testcase name="testfindMin4" time="0.001" classname="testNG.ArrayTest"/>
  <testcase name="testfindMin2" time="0.001" classname="testNG.ArrayTest"/>
  <testcase name="testMinIndex0" time="0.003" classname="testNG.ArrayTest"/>
  <testcase name="testfindMax1" time="0.002" classname="testNG.ArrayTest"/>
  <testcase name="testMinIndex2" time="0.001" classname="testNG.ArrayTest"/>
  <testcase name="testfindMax3" time="0.001" classname="testNG.ArrayTest"/>
  <testcase name="testfindMin3" time="0.001" classname="testNG.ArrayTest"/>
  <testcase name="testMaxIndex4" time="0.001" classname="testNG.ArrayTest"/>
  <testcase name="testfindMin1" time="0.001" classname="testNG.ArrayTest"/>
</testsuite> <!-- testNG.ArrayTest -->
