<?xml version="1.0" encoding="UTF-8"?>
<!-- Generated by org.testng.reporters.JUnitReportReporter -->
<testsuite hostname="MechanicPC" name="testNG.CyclesTest" tests="35" failures="0" timestamp="5 Mar 2016 13:49:31 GMT" time="0.037" errors="0">
  <testcase name="testSumNum1m" time="0.000" classname="testNG.CyclesTest"/>
  <testcase name="testBinarySqr7" time="0.000" classname="testNG.CyclesTest"/>
  <testcase name="testtestBinSqr2_15" time="0.000" classname="testNG.CyclesTest"/>
  <testcase name="testCheckPrimeCM" time="0.001" classname="testNG.CyclesTest"/>
  <testcase name="testFactorialm" time="0.001" classname="testNG.CyclesTest"/>
  <testcase name="testSelectSqr0" time="0.000" classname="testNG.CyclesTest"/>
  <testcase name="testSelectSqr1" time="0.000" classname="testNG.CyclesTest"/>
  <testcase name="testtestBinSqr2_17" time="0.001" classname="testNG.CyclesTest"/>
  <testcase name="testtestSelectSqr7" time="0.000" classname="testNG.CyclesTest"/>
  <testcase name="testSumNum1" time="0.001" classname="testNG.CyclesTest"/>
  <testcase name="testCheckPrimeC" time="0.004" classname="testNG.CyclesTest"/>
  <testcase name="testSumNum2" time="0.000" classname="testNG.CyclesTest"/>
  <testcase name="testSumNum1_0" time="0.000" classname="testNG.CyclesTest"/>
  <testcase name="testtestBinSqr216" time="0.001" classname="testNG.CyclesTest"/>
  <testcase name="testFactorial200" time="0.001" classname="testNG.CyclesTest"/>
  <testcase name="testFactorial1" time="0.001" classname="testNG.CyclesTest"/>
  <testcase name="testBinarySqr16" time="0.009" classname="testNG.CyclesTest"/>
  <testcase name="testSumNum2m" time="0.000" classname="testNG.CyclesTest"/>
  <testcase name="testRevrs1" time="0.001" classname="testNG.CyclesTest"/>
  <testcase name="testBinarySqr1" time="0.002" classname="testNG.CyclesTest"/>
  <testcase name="testFindQuantity" time="0.002" classname="testNG.CyclesTest"/>
  <testcase name="testCheckPrimeP" time="0.000" classname="testNG.CyclesTest"/>
  <testcase name="testBinarySqr0" time="0.001" classname="testNG.CyclesTest"/>
  <testcase name="testFindSum" time="0.001" classname="testNG.CyclesTest"/>
  <testcase name="testtestSelectSqr16" time="0.001" classname="testNG.CyclesTest"/>
  <testcase name="testCheckPrimeP1" time="0.001" classname="testNG.CyclesTest"/>
  <testcase name="testSumNum2_0" time="0.001" classname="testNG.CyclesTest"/>
  <testcase name="testCheckPrimeZ" time="0.001" classname="testNG.CyclesTest"/>
  <testcase name="testRevrs2" time="0.000" classname="testNG.CyclesTest"/>
  <testcase name="testFactorial5" time="0.000" classname="testNG.CyclesTest"/>
  <testcase name="testBinSqr20" time="0.002" classname="testNG.CyclesTest"/>
  <testcase name="testBinSqr21" time="0.001" classname="testNG.CyclesTest"/>
  <testcase name="testCheckPrimePM" time="0.001" classname="testNG.CyclesTest"/>
  <testcase name="testFactorial0" time="0.002" classname="testNG.CyclesTest"/>
  <testcase name="testtestBinSqr27" time="0.000" classname="testNG.CyclesTest"/>
</testsuite> <!-- testNG.CyclesTest -->
