<?xml version="1.0" encoding="UTF-8"?>
<!-- Generated by org.testng.reporters.JUnitReportReporter -->
<testsuite hostname="MechanicPC" name="testNG.FunctionsTest" tests="24" failures="0" timestamp="5 Mar 2016 13:49:31 GMT" time="0.031" errors="0">
  <testcase name="testConvertSN459" time="0.002" classname="testNG.FunctionsTest"/>
  <testcase name="testConvertNS459" time="0.001" classname="testNG.FunctionsTest"/>
  <testcase name="testConvertNS400" time="0.000" classname="testNG.FunctionsTest"/>
  <testcase name="testMeasure1m" time="0.000" classname="testNG.FunctionsTest"/>
  <testcase name="testConvertSN400" time="0.002" classname="testNG.FunctionsTest"/>
  <testcase name="testConvertNS721" time="0.001" classname="testNG.FunctionsTest"/>
  <testcase name="testConvertSN40" time="0.001" classname="testNG.FunctionsTest"/>
  <testcase name="testConvertNS0" time="0.001" classname="testNG.FunctionsTest"/>
  <testcase name="testConvertNS450" time="0.001" classname="testNG.FunctionsTest"/>
  <testcase name="testConvertNS4" time="0.001" classname="testNG.FunctionsTest"/>
  <testcase name="testConvertSN0" time="0.005" classname="testNG.FunctionsTest"/>
  <testcase name="testConvertNS999" time="0.001" classname="testNG.FunctionsTest"/>
  <testcase name="testMeasure0" time="0.001" classname="testNG.FunctionsTest"/>
  <testcase name="testConvertSN450" time="0.003" classname="testNG.FunctionsTest"/>
  <testcase name="testMeasure" time="0.003" classname="testNG.FunctionsTest"/>
  <testcase name="testToName" time="0.001" classname="testNG.FunctionsTest"/>
  <testcase name="testConvertNS405" time="0.001" classname="testNG.FunctionsTest"/>
  <testcase name="testConvertSN4" time="0.001" classname="testNG.FunctionsTest"/>
  <testcase name="testConvertSN47" time="0.003" classname="testNG.FunctionsTest"/>
  <testcase name="testConvertNS10" time="0.000" classname="testNG.FunctionsTest"/>
  <testcase name="testToName2" time="0.001" classname="testNG.FunctionsTest"/>
  <testcase name="testConvertNS40" time="0.000" classname="testNG.FunctionsTest"/>
  <testcase name="testConvertNS47" time="0.001" classname="testNG.FunctionsTest"/>
  <testcase name="testMeasure1" time="0.000" classname="testNG.FunctionsTest"/>
</testsuite> <!-- testNG.FunctionsTest -->
